[90mGET /collections/todohdtv [32m200 [90m4390.511 ms - 343[0m
[90mGET /favicon.ico [33m404 [90m93.029 ms - -[0m
[90mGET /collections/todohdtv [32m200 [90m249.203 ms - 343[0m
[90mGET /collections/todohdtv/33299 [32m200 [90m191.956 ms - 33[0m
[90mGET /collections/todohdtv/32847 [32m200 [90m185.829 ms - 33[0m
[90mGET /collections/todohdtv/33336 [32m200 [90m148.253 ms - 34[0m
[90mGET /collections/todohdtv/32284 [32m200 [90m158.559 ms - 33[0m
[90mGET /collections/todohdtv/32534 [32m200 [90m183.678 ms - 33[0m
[90mGET /collections/todohdtv/31582 [32m200 [90m173.780 ms - 34[0m
[90mGET /collections/todohdtv/27045 [32m200 [90m165.446 ms - 34[0m
[90mGET /collections/todohdtv/33230 [32m200 [90m142.492 ms - 33[0m
[90mGET /collections/todohdtv/27239 [32m200 [90m126.037 ms - 34[0m
[90mGET /collections/todohdtv/30139 [32m200 [90m109.720 ms - 33[0m
[90mGET /collections/todohdtv/22687 [32m200 [90m107.822 ms - 33[0m
[90mGET /collections/todohdtv/32738 [32m200 [90m50.767 ms - 33[0m
[90mGET /collections/todohdtv/33127 [32m200 [90m47.608 ms - 33[0m
[90mGET /collections/todohdtv/32284 [36m304 [90m222.239 ms - -[0m
[90mGET /collections/todohdtv/33127 [32m200 [90m213.353 ms - 33[0m
[90mGET /collections/todohdtv/33230 [36m304 [90m194.505 ms - -[0m
[90mGET /collections/todohdtv/33336 [32m200 [90m202.058 ms - 34[0m
[90mGET /collections/todohdtv/32738 [36m304 [90m223.254 ms - -[0m
[90mGET /collections/todohdtv/27045 [36m304 [90m79.094 ms - -[0m
[90mGET /collections/todohdtv/33299 [36m304 [90m239.762 ms - -[0m
[90mGET /collections/todohdtv/32847 [36m304 [90m269.018 ms - -[0m
[90mGET /collections/todohdtv/32534 [36m304 [90m246.410 ms - -[0m
[90mGET /collections/todohdtv/31582 [36m304 [90m241.793 ms - -[0m
[90mGET /collections/todohdtv/27239 [36m304 [90m80.982 ms - -[0m
[90mGET /collections/todohdtv/22687 [36m304 [90m78.557 ms - -[0m
[90mGET /collections/todohdtv/30139 [36m304 [90m216.674 ms - -[0m
[90mGET /collections/todohdtv/33336 [36m304 [90m102.039 ms - -[0m
[90mGET /collections/todohdtv/32284 [36m304 [90m81.684 ms - -[0m
[90mGET /collections/todohdtv/33230 [36m304 [90m117.206 ms - -[0m
[90mGET /collections/todohdtv/33299 [36m304 [90m99.821 ms - -[0m
[90mGET /collections/todohdtv/32738 [36m304 [90m41.335 ms - -[0m
[90mGET /collections/todohdtv/31582 [36m304 [90m256.390 ms - -[0m
[90mGET /collections/todohdtv/27045 [36m304 [90m77.667 ms - -[0m
[90mGET /collections/todohdtv/33127 [36m304 [90m252.468 ms - -[0m
[90mGET /collections/todohdtv/32847 [36m304 [90m246.456 ms - -[0m
[90mGET /collections/todohdtv/32534 [36m304 [90m229.322 ms - -[0m
[90mGET /collections/todohdtv/22687 [36m304 [90m110.229 ms - -[0m
[90mGET /collections/todohdtv/27239 [36m304 [90m116.030 ms - -[0m
[90mGET /collections/todohdtv/30139 [36m304 [90m119.315 ms - -[0m
[90mOPTIONS /collections/todohdtv/33336 [32m200 [90m59.502 ms - 14[0m
[90mPUT /collections/todohdtv/33336 [32m200 [90m269.956 ms - 17[0m
[90mGET /collections/todohdtv/32284 [36m304 [90m86.957 ms - -[0m
[90mGET /collections/todohdtv/33299 [36m304 [90m172.377 ms - -[0m
[90mGET /collections/todohdtv/32738 [36m304 [90m165.711 ms - -[0m
[90mGET /collections/todohdtv/32534 [36m304 [90m184.444 ms - -[0m
[90mGET /collections/todohdtv/33127 [36m304 [90m189.047 ms - -[0m
[90mGET /collections/todohdtv/33230 [36m304 [90m54.663 ms - -[0m
[90mGET /collections/todohdtv/31582 [36m304 [90m271.108 ms - -[0m
[90mGET /collections/todohdtv/27045 [36m304 [90m250.234 ms - -[0m
[90mGET /collections/todohdtv/32847 [36m304 [90m242.942 ms - -[0m
[90mGET /collections/todohdtv/30139 [36m304 [90m85.862 ms - -[0m
[90mGET /collections/todohdtv/27239 [36m304 [90m203.959 ms - -[0m
[90mGET /collections/todohdtv/22687 [36m304 [90m66.542 ms - -[0m
